{"total": {"lines":{"total":232,"covered":182,"skipped":0,"pct":78.44},"statements":{"total":252,"covered":193,"skipped":0,"pct":76.58},"functions":{"total":47,"covered":37,"skipped":0,"pct":78.72},"branches":{"total":44,"covered":27,"skipped":0,"pct":61.36},"branchesTrue":{"total":0,"covered":0,"skipped":0,"pct":100}}
,"/home/jadsonmattos/sd-033-a-store-manager/backend/src/controllers/index.js": {"lines":{"total":3,"covered":3,"skipped":0,"pct":100},"functions":{"total":0,"covered":0,"skipped":0,"pct":100},"statements":{"total":3,"covered":3,"skipped":0,"pct":100},"branches":{"total":0,"covered":0,"skipped":0,"pct":100}}
,"/home/jadsonmattos/sd-033-a-store-manager/backend/src/controllers/productsController.js": {"lines":{"total":23,"covered":23,"skipped":0,"pct":100},"functions":{"total":5,"covered":5,"skipped":0,"pct":100},"statements":{"total":23,"covered":23,"skipped":0,"pct":100},"branches":{"total":0,"covered":0,"skipped":0,"pct":100}}
,"/home/jadsonmattos/sd-033-a-store-manager/backend/src/controllers/salesController.js": {"lines":{"total":23,"covered":19,"skipped":0,"pct":82.6},"functions":{"total":5,"covered":4,"skipped":0,"pct":80},"statements":{"total":23,"covered":19,"skipped":0,"pct":82.6},"branches":{"total":0,"covered":0,"skipped":0,"pct":100}}
,"/home/jadsonmattos/sd-033-a-store-manager/backend/src/database/connection.js": {"lines":{"total":3,"covered":3,"skipped":0,"pct":100},"functions":{"total":0,"covered":0,"skipped":0,"pct":100},"statements":{"total":3,"covered":3,"skipped":0,"pct":100},"branches":{"total":0,"covered":0,"skipped":0,"pct":100}}
,"/home/jadsonmattos/sd-033-a-store-manager/backend/src/middlewares/validateProduct.js": {"lines":{"total":8,"covered":8,"skipped":0,"pct":100},"functions":{"total":1,"covered":1,"skipped":0,"pct":100},"statements":{"total":8,"covered":8,"skipped":0,"pct":100},"branches":{"total":6,"covered":6,"skipped":0,"pct":100}}
,"/home/jadsonmattos/sd-033-a-store-manager/backend/src/middlewares/validateProductUpdate.js": {"lines":{"total":8,"covered":7,"skipped":0,"pct":87.5},"functions":{"total":1,"covered":1,"skipped":0,"pct":100},"statements":{"total":9,"covered":8,"skipped":0,"pct":88.88},"branches":{"total":2,"covered":1,"skipped":0,"pct":50}}
,"/home/jadsonmattos/sd-033-a-store-manager/backend/src/middlewares/validateQuantity.js": {"lines":{"total":8,"covered":7,"skipped":0,"pct":87.5},"functions":{"total":1,"covered":1,"skipped":0,"pct":100},"statements":{"total":8,"covered":7,"skipped":0,"pct":87.5},"branches":{"total":4,"covered":3,"skipped":0,"pct":75}}
,"/home/jadsonmattos/sd-033-a-store-manager/backend/src/middlewares/validateSale.js": {"lines":{"total":12,"covered":11,"skipped":0,"pct":91.66},"functions":{"total":5,"covered":5,"skipped":0,"pct":100},"statements":{"total":16,"covered":15,"skipped":0,"pct":93.75},"branches":{"total":4,"covered":3,"skipped":0,"pct":75}}
,"/home/jadsonmattos/sd-033-a-store-manager/backend/src/models/index.js": {"lines":{"total":3,"covered":3,"skipped":0,"pct":100},"functions":{"total":0,"covered":0,"skipped":0,"pct":100},"statements":{"total":3,"covered":3,"skipped":0,"pct":100},"branches":{"total":0,"covered":0,"skipped":0,"pct":100}}
,"/home/jadsonmattos/sd-033-a-store-manager/backend/src/models/productsModel.js": {"lines":{"total":17,"covered":17,"skipped":0,"pct":100},"functions":{"total":5,"covered":5,"skipped":0,"pct":100},"statements":{"total":17,"covered":17,"skipped":0,"pct":100},"branches":{"total":0,"covered":0,"skipped":0,"pct":100}}
,"/home/jadsonmattos/sd-033-a-store-manager/backend/src/models/salesModel.js": {"lines":{"total":22,"covered":17,"skipped":0,"pct":77.27},"functions":{"total":6,"covered":4,"skipped":0,"pct":66.66},"statements":{"total":23,"covered":18,"skipped":0,"pct":78.26},"branches":{"total":2,"covered":2,"skipped":0,"pct":100}}
,"/home/jadsonmattos/sd-033-a-store-manager/backend/src/routes/productsRouter.js": {"lines":{"total":10,"covered":0,"skipped":0,"pct":0},"functions":{"total":0,"covered":0,"skipped":0,"pct":100},"statements":{"total":10,"covered":0,"skipped":0,"pct":0},"branches":{"total":0,"covered":0,"skipped":0,"pct":100}}
,"/home/jadsonmattos/sd-033-a-store-manager/backend/src/routes/salesRouter.js": {"lines":{"total":10,"covered":0,"skipped":0,"pct":0},"functions":{"total":0,"covered":0,"skipped":0,"pct":100},"statements":{"total":10,"covered":0,"skipped":0,"pct":0},"branches":{"total":0,"covered":0,"skipped":0,"pct":100}}
,"/home/jadsonmattos/sd-033-a-store-manager/backend/src/services/index.js": {"lines":{"total":3,"covered":3,"skipped":0,"pct":100},"functions":{"total":0,"covered":0,"skipped":0,"pct":100},"statements":{"total":3,"covered":3,"skipped":0,"pct":100},"branches":{"total":0,"covered":0,"skipped":0,"pct":100}}
,"/home/jadsonmattos/sd-033-a-store-manager/backend/src/services/productsService.js": {"lines":{"total":25,"covered":22,"skipped":0,"pct":88},"functions":{"total":5,"covered":4,"skipped":0,"pct":80},"statements":{"total":29,"covered":23,"skipped":0,"pct":79.31},"branches":{"total":8,"covered":4,"skipped":0,"pct":50}}
,"/home/jadsonmattos/sd-033-a-store-manager/backend/src/services/salesService.js": {"lines":{"total":34,"covered":22,"skipped":0,"pct":64.7},"functions":{"total":6,"covered":3,"skipped":0,"pct":50},"statements":{"total":37,"covered":22,"skipped":0,"pct":59.45},"branches":{"total":12,"covered":4,"skipped":0,"pct":33.33}}
,"/home/jadsonmattos/sd-033-a-store-manager/backend/src/services/validations/saleSchema.js": {"lines":{"total":4,"covered":4,"skipped":0,"pct":100},"functions":{"total":0,"covered":0,"skipped":0,"pct":100},"statements":{"total":4,"covered":4,"skipped":0,"pct":100},"branches":{"total":0,"covered":0,"skipped":0,"pct":100}}
,"/home/jadsonmattos/sd-033-a-store-manager/backend/src/services/validations/validations.js": {"lines":{"total":10,"covered":10,"skipped":0,"pct":100},"functions":{"total":3,"covered":3,"skipped":0,"pct":100},"statements":{"total":13,"covered":13,"skipped":0,"pct":100},"branches":{"total":4,"covered":3,"skipped":0,"pct":75}}
,"/home/jadsonmattos/sd-033-a-store-manager/backend/src/utils/generateFormattedQuery.js": {"lines":{"total":3,"covered":0,"skipped":0,"pct":0},"functions":{"total":3,"covered":0,"skipped":0,"pct":0},"statements":{"total":6,"covered":0,"skipped":0,"pct":0},"branches":{"total":0,"covered":0,"skipped":0,"pct":100}}
,"/home/jadsonmattos/sd-033-a-store-manager/backend/src/utils/mapStatusHTTP.js": {"lines":{"total":3,"covered":3,"skipped":0,"pct":100},"functions":{"total":1,"covered":1,"skipped":0,"pct":100},"statements":{"total":4,"covered":4,"skipped":0,"pct":100},"branches":{"total":2,"covered":1,"skipped":0,"pct":50}}
}
